<?xml version="1.0" encoding="UTF-8"?>
<!-- Generated by org.testng.reporters.JUnitXMLReporter -->
<testsuite hostname="MX-IT01016" name="Youtube Test Nexus 6" tests="1" failures="1" timestamp="27 Nov 2017 22:54:33 GMT" time="32.362" errors="0">
  <testcase name="testPauseVideo" time="16.586" classname="com.appium.project.test.YoutubeAppiumTest">
    <failure type="org.openqa.selenium.NoSuchElementException" message="An element could not be located on the page using the given search parameters. (WARNING: The server did not provide any stacktrace information)
Command duration or timeout: 0 milliseconds
For documentation on this error, please visit: http://seleniumhq.org/exceptions/no_such_element.html
Build info: version: &amp;apos;3.6.0&amp;apos;, revision: &amp;apos;6fbf3ec767&amp;apos;, time: &amp;apos;2017-09-27T15:28:36.4Z&amp;apos;
System info: host: &amp;apos;MX-IT01016&amp;apos;, ip: &amp;apos;10.230.10.73&amp;apos;, os.name: &amp;apos;Windows 10&amp;apos;, os.arch: &amp;apos;amd64&amp;apos;, os.version: &amp;apos;10.0&amp;apos;, java.version: &amp;apos;1.8.0_152&amp;apos;
Driver info: io.appium.java_client.android.AndroidDriver
Capabilities [{app=C:\Users\yoniffer.méndez\Documents\TestAutomation\Training\Youtube_12.45.54-1245543730_minAPI21(x86).apk, appPackage=com.google.android.youtube, deviceScreenSize=1440x2560, networkConnectionEnabled=true, warnings={}, databaseEnabled=false, deviceName=emulator-5554, platform=LINUX, deviceUDID=emulator-5554, appActivity=.app.honeycomb.Shell$HomeActivity, desired={app=C:\Users\yoniffer.méndez\Documents\TestAutomation\Training\Youtube_12.45.54-1245543730_minAPI21(x86).apk, appPackage=com.google.android.youtube, appActivity=.app.honeycomb.Shell$HomeActivity, platformVersion=8.1.0, platformName=Android, udid=emulator-5554, deviceName=Android Emulator}, platformVersion=8.1.0, webStorageEnabled=false, locationContextEnabled=false, takesScreenshot=true, javascriptEnabled=true, deviceModel=Android SDK built for x86, udid=emulator-5554, deviceManufacturer=Google, platformName=LINUX}]
Session ID: fe7899b4-cd71-4029-b183-ce3580806a64">
      <![CDATA[org.openqa.selenium.NoSuchElementException: An element could not be located on the page using the given search parameters. (WARNING: The server did not provide any stacktrace information)
Command duration or timeout: 0 milliseconds
For documentation on this error, please visit: http://seleniumhq.org/exceptions/no_such_element.html
Build info: version: '3.6.0', revision: '6fbf3ec767', time: '2017-09-27T15:28:36.4Z'
System info: host: 'MX-IT01016', ip: '10.230.10.73', os.name: 'Windows 10', os.arch: 'amd64', os.version: '10.0', java.version: '1.8.0_152'
Driver info: io.appium.java_client.android.AndroidDriver
Capabilities [{app=C:\Users\yoniffer.méndez\Documents\TestAutomation\Training\Youtube_12.45.54-1245543730_minAPI21(x86).apk, appPackage=com.google.android.youtube, deviceScreenSize=1440x2560, networkConnectionEnabled=true, warnings={}, databaseEnabled=false, deviceName=emulator-5554, platform=LINUX, deviceUDID=emulator-5554, appActivity=.app.honeycomb.Shell$HomeActivity, desired={app=C:\Users\yoniffer.méndez\Documents\TestAutomation\Training\Youtube_12.45.54-1245543730_minAPI21(x86).apk, appPackage=com.google.android.youtube, appActivity=.app.honeycomb.Shell$HomeActivity, platformVersion=8.1.0, platformName=Android, udid=emulator-5554, deviceName=Android Emulator}, platformVersion=8.1.0, webStorageEnabled=false, locationContextEnabled=false, takesScreenshot=true, javascriptEnabled=true, deviceModel=Android SDK built for x86, udid=emulator-5554, deviceManufacturer=Google, platformName=LINUX}]
Session ID: fe7899b4-cd71-4029-b183-ce3580806a64
	at org.openqa.selenium.remote.ErrorHandler.createThrowable(ErrorHandler.java:214)
	at org.openqa.selenium.remote.ErrorHandler.throwIfResponseFailed(ErrorHandler.java:166)
	at org.openqa.selenium.remote.http.JsonHttpResponseCodec.reconstructValue(JsonHttpResponseCodec.java:40)
	at org.openqa.selenium.remote.http.AbstractHttpResponseCodec.decode(AbstractHttpResponseCodec.java:82)
	at org.openqa.selenium.remote.http.AbstractHttpResponseCodec.decode(AbstractHttpResponseCodec.java:45)
	at org.openqa.selenium.remote.HttpCommandExecutor.execute(HttpCommandExecutor.java:164)
	at io.appium.java_client.remote.AppiumCommandExecutor.execute(AppiumCommandExecutor.java:89)
	at org.openqa.selenium.remote.RemoteWebDriver.execute(RemoteWebDriver.java:586)
	at io.appium.java_client.DefaultGenericMobileDriver.execute(DefaultGenericMobileDriver.java:42)
	at io.appium.java_client.AppiumDriver.execute(AppiumDriver.java:1)
	at io.appium.java_client.android.AndroidDriver.execute(AndroidDriver.java:1)
	at org.openqa.selenium.remote.RemoteWebElement.execute(RemoteWebElement.java:279)
	at io.appium.java_client.DefaultGenericMobileElement.execute(DefaultGenericMobileElement.java:45)
	at io.appium.java_client.MobileElement.execute(MobileElement.java:1)
	at io.appium.java_client.android.AndroidElement.execute(AndroidElement.java:1)
	at org.openqa.selenium.remote.RemoteWebElement.getAttribute(RemoteWebElement.java:128)
	at com.appium.project.activity.YoutubeVideoViewerActivity.pauseVideo(YoutubeVideoViewerActivity.java:53)
	at com.appium.project.test.YoutubeAppiumTest.testPauseVideo(YoutubeAppiumTest.java:46)
... Removed 28 stack frames]]>
    </failure>
  </testcase> <!-- testPauseVideo -->
</testsuite> <!-- Youtube Test Nexus 6 -->
