<?xml version="1.0" encoding="UTF-8"?>
<!-- Generated by org.testng.reporters.JUnitXMLReporter -->
<testsuite hostname="DESKTOP-BDD8OV5" name="Amazon Tests" tests="1" failures="0" timestamp="25 Nov 2017 19:49:42 GMT" time="32.278" errors="0">
  <testcase name="@BeforeClass beforeClass" time="0.0" classname="com.appium.project.test.SelendroidAppiumTest">
    <failure type="org.openqa.selenium.WebDriverException" message="An unknown server-side error occurred while processing the command. Original error: Error occured while starting App. Original error: Error executing adbExec. Original error: &amp;apos;Command &amp;apos;C\:\\android-sdk\\platform-tools\\adb.exe -P 5037 -s emulator-5554 shell am start -W -n com.spotify.music/com.spotify.mobile.android.service.LoginActivity -S&amp;apos; exited with code 4294967295&amp;apos;; Stderr: &amp;apos;Security exception: Permission Denial: starting Intent { flg=0x10000000 cmp=com.spotify.music/com.spotify.mobile.android.service.LoginActivity } from null (pid=14869, uid=2000) not exported from uid 10081

java.lang.SecurityException: Permission Denial: starting Intent { flg=0x10000000 cmp=com.spotify.music/com.spotify.mobile.android.service.LoginActivity } from null (pid=14869, uid=2000) not exported from uid 10081
	at com.android.server.am.ActivityStackSupervisor.checkStartAnyActivityPermission(ActivityStackSupervisor.java:1632)
	at com.android.server.am.ActivityStarter.startActivity(ActivityStarter.java:430)
	at com.android.server.am.ActivityStarter.startActivityLocked(ActivityStarter.java:270)
	at com.android.server.am.ActivityStarter.startActivityMayWait(ActivityStarter.java:809)
	at com.android.server.am.ActivityManagerService.startActivityAndWait(ActivityManagerService.java:4620)
	at com.android.server.am.ActivityManagerShellCommand.runStartActivity(ActivityManagerShellCommand.java:412)
	at com.android.server.am.ActivityManagerShellCommand.onCommand(ActivityManagerShellCommand.java:141)
	at android.os.ShellCommand.exec(ShellCommand.java:96)
	at com.android.server.am.ActivityManagerService.onShellCommand(ActivityManagerService.java:15019)
	at android.os.Binder.shellCommand(Binder.java:594)
	at android.os.Binder.onTransact(Binder.java:492)
	at android.app.IActivityManager$Stub.onTransact(IActivityManager.java:4243)
	at com.android.server.am.ActivityManagerService.onTransact(ActivityManagerService.java:2927)
	at android.os.Binder.execTransact(Binder.java:697)&amp;apos;; Code: &amp;apos;4294967295&amp;apos; (WARNING: The server did not provide any stacktrace information)
Command duration or timeout: 31.26 seconds
Build info: version: &amp;apos;3.6.0&amp;apos;, revision: &amp;apos;6fbf3ec767&amp;apos;, time: &amp;apos;2017-09-27T15:28:36.4Z&amp;apos;
System info: host: &amp;apos;DESKTOP-BDD8OV5&amp;apos;, ip: &amp;apos;10.24.16.15&amp;apos;, os.name: &amp;apos;Windows 10&amp;apos;, os.arch: &amp;apos;amd64&amp;apos;, os.version: &amp;apos;10.0&amp;apos;, java.version: &amp;apos;1.8.0_151&amp;apos;
Driver info: driver.version: AndroidDriver">
      <![CDATA[org.openqa.selenium.WebDriverException: An unknown server-side error occurred while processing the command. Original error: Error occured while starting App. Original error: Error executing adbExec. Original error: 'Command 'C\:\\android-sdk\\platform-tools\\adb.exe -P 5037 -s emulator-5554 shell am start -W -n com.spotify.music/com.spotify.mobile.android.service.LoginActivity -S' exited with code 4294967295'; Stderr: 'Security exception: Permission Denial: starting Intent { flg=0x10000000 cmp=com.spotify.music/com.spotify.mobile.android.service.LoginActivity } from null (pid=14869, uid=2000) not exported from uid 10081

java.lang.SecurityException: Permission Denial: starting Intent { flg=0x10000000 cmp=com.spotify.music/com.spotify.mobile.android.service.LoginActivity } from null (pid=14869, uid=2000) not exported from uid 10081
	at com.android.server.am.ActivityStackSupervisor.checkStartAnyActivityPermission(ActivityStackSupervisor.java:1632)
	at com.android.server.am.ActivityStarter.startActivity(ActivityStarter.java:430)
	at com.android.server.am.ActivityStarter.startActivityLocked(ActivityStarter.java:270)
	at com.android.server.am.ActivityStarter.startActivityMayWait(ActivityStarter.java:809)
	at com.android.server.am.ActivityManagerService.startActivityAndWait(ActivityManagerService.java:4620)
	at com.android.server.am.ActivityManagerShellCommand.runStartActivity(ActivityManagerShellCommand.java:412)
	at com.android.server.am.ActivityManagerShellCommand.onCommand(ActivityManagerShellCommand.java:141)
	at android.os.ShellCommand.exec(ShellCommand.java:96)
	at com.android.server.am.ActivityManagerService.onShellCommand(ActivityManagerService.java:15019)
	at android.os.Binder.shellCommand(Binder.java:594)
	at android.os.Binder.onTransact(Binder.java:492)
	at android.app.IActivityManager$Stub.onTransact(IActivityManager.java:4243)
	at com.android.server.am.ActivityManagerService.onTransact(ActivityManagerService.java:2927)
	at android.os.Binder.execTransact(Binder.java:697)'; Code: '4294967295' (WARNING: The server did not provide any stacktrace information)
Command duration or timeout: 31.26 seconds
Build info: version: '3.6.0', revision: '6fbf3ec767', time: '2017-09-27T15:28:36.4Z'
System info: host: 'DESKTOP-BDD8OV5', ip: '10.24.16.15', os.name: 'Windows 10', os.arch: 'amd64', os.version: '10.0', java.version: '1.8.0_151'
Driver info: driver.version: AndroidDriver
	at org.openqa.selenium.remote.ErrorHandler.createThrowable(ErrorHandler.java:214)
	at org.openqa.selenium.remote.ErrorHandler.throwIfResponseFailed(ErrorHandler.java:166)
	at org.openqa.selenium.remote.JsonWireProtocolResponse.lambda$new$0(JsonWireProtocolResponse.java:53)
	at org.openqa.selenium.remote.JsonWireProtocolResponse.lambda$getResponseFunction$2(JsonWireProtocolResponse.java:91)
	at org.openqa.selenium.remote.ProtocolHandshake.lambda$createSession$24(ProtocolHandshake.java:359)
	at java.util.stream.ReferencePipeline$3$1.accept(Unknown Source)
	at java.util.Spliterators$ArraySpliterator.tryAdvance(Unknown Source)
	at java.util.stream.ReferencePipeline.forEachWithCancel(Unknown Source)
	at java.util.stream.AbstractPipeline.copyIntoWithCancel(Unknown Source)
	at java.util.stream.AbstractPipeline.copyInto(Unknown Source)
	at java.util.stream.AbstractPipeline.wrapAndCopyInto(Unknown Source)
	at java.util.stream.FindOps$FindOp.evaluateSequential(Unknown Source)
	at java.util.stream.AbstractPipeline.evaluate(Unknown Source)
	at java.util.stream.ReferencePipeline.findFirst(Unknown Source)
	at org.openqa.selenium.remote.ProtocolHandshake.createSession(ProtocolHandshake.java:362)
	at org.openqa.selenium.remote.ProtocolHandshake.createSession(ProtocolHandshake.java:136)
	at org.openqa.selenium.remote.HttpCommandExecutor.execute(HttpCommandExecutor.java:142)
	at io.appium.java_client.remote.AppiumCommandExecutor.execute(AppiumCommandExecutor.java:89)
	at org.openqa.selenium.remote.RemoteWebDriver.execute(RemoteWebDriver.java:586)
	at io.appium.java_client.DefaultGenericMobileDriver.execute(DefaultGenericMobileDriver.java:42)
	at io.appium.java_client.AppiumDriver.execute(AppiumDriver.java:1)
	at io.appium.java_client.android.AndroidDriver.execute(AndroidDriver.java:1)
	at org.openqa.selenium.remote.RemoteWebDriver.startSession(RemoteWebDriver.java:217)
	at org.openqa.selenium.remote.RemoteWebDriver.<init>(RemoteWebDriver.java:140)
	at io.appium.java_client.DefaultGenericMobileDriver.<init>(DefaultGenericMobileDriver.java:38)
	at io.appium.java_client.AppiumDriver.<init>(AppiumDriver.java:83)
	at io.appium.java_client.AppiumDriver.<init>(AppiumDriver.java:93)
	at io.appium.java_client.android.AndroidDriver.<init>(AndroidDriver.java:72)
	at com.appium.project.driver.DriverHandler.<init>(DriverHandler.java:19)
	at com.appium.project.test.BaseTest.beforeClass(BaseTest.java:36)
... Removed 28 stack frames]]>
    </failure>
  </testcase> <!-- @BeforeClass beforeClass -->
  <testcase name="@AfterClass afterClass" time="0.0" classname="com.appium.project.test.SelendroidAppiumTest">
    <skipped/>
  </testcase> <!-- @AfterClass afterClass -->
  <testcase name="startApplication" time="0.004" classname="com.appium.project.test.SelendroidAppiumTest">
    <skipped/>
  </testcase> <!-- startApplication -->
</testsuite> <!-- Amazon Tests -->
